2025-03-27T21:41:10.672+08:00  INFO 10619 --- [main] com.power.learn.Application              : Starting Application using Java 17.0.7 with PID 10619 (/Users/power/Documents/code/springboot-hello/demo/target/classes started by power in /Users/power/Documents/code/springboot-hello/demo)
2025-03-27T21:41:10.674+08:00  INFO 10619 --- [main] com.power.learn.Application              : No active profile set, falling back to 1 default profile: "default"
2025-03-27T21:41:11.122+08:00  INFO 10619 --- [main] o.s.b.w.embedded.tomcat.TomcatWebServer  : Tomcat initialized with port(s): 8080 (http)
2025-03-27T21:41:11.127+08:00  INFO 10619 --- [main] o.apache.catalina.core.StandardService   : Starting service [Tomcat]
2025-03-27T21:41:11.127+08:00  INFO 10619 --- [main] o.apache.catalina.core.StandardEngine    : Starting Servlet engine: [Apache Tomcat/10.1.1]
2025-03-27T21:41:11.164+08:00  INFO 10619 --- [main] o.a.c.c.C.[Tomcat].[localhost].[/]       : Initializing Spring embedded WebApplicationContext
2025-03-27T21:41:11.164+08:00  INFO 10619 --- [main] w.s.c.ServletWebServerApplicationContext : Root WebApplicationContext: initialization completed in 468 ms
2025-03-27T21:41:11.289+08:00  WARN 10619 --- [main] ocalVariableTableParameterNameDiscoverer : Using deprecated '-debug' fallback for parameter name resolution. Compile the affected code with '-parameters' instead or avoid its introspection: io.pebbletemplates.boot.autoconfigure.PebbleServletWebConfiguration
2025-03-27T21:41:11.292+08:00  WARN 10619 --- [main] ocalVariableTableParameterNameDiscoverer : Using deprecated '-debug' fallback for parameter name resolution. Compile the affected code with '-parameters' instead or avoid its introspection: io.pebbletemplates.boot.autoconfigure.PebbleAutoConfiguration
2025-03-27T21:41:11.368+08:00  INFO 10619 --- [main] o.s.b.w.embedded.tomcat.TomcatWebServer  : Tomcat started on port(s): 8080 (http) with context path ''
2025-03-27T21:41:11.373+08:00  INFO 10619 --- [main] com.power.learn.Application              : Started Application in 1.006 seconds (process running for 1.237)
2025-03-27T21:43:00.486+08:00  INFO 10619 --- [http-nio-8080-exec-1] o.a.c.c.C.[Tomcat].[localhost].[/]       : Initializing Spring DispatcherServlet 'dispatcherServlet'
2025-03-27T21:43:00.487+08:00  INFO 10619 --- [http-nio-8080-exec-1] o.s.web.servlet.DispatcherServlet        : Initializing Servlet 'dispatcherServlet'
2025-03-27T21:43:00.488+08:00  INFO 10619 --- [http-nio-8080-exec-1] o.s.web.servlet.DispatcherServlet        : Completed initialization in 1 ms
2025-03-27T21:44:49.146+08:00  INFO 11120 --- [main] com.power.learn.Application              : Starting Application using Java 17.0.7 with PID 11120 (/Users/power/Documents/code/springboot-hello/demo/target/classes started by power in /Users/power/Documents/code/springboot-hello/demo)
2025-03-27T21:44:49.148+08:00  INFO 11120 --- [main] com.power.learn.Application              : No active profile set, falling back to 1 default profile: "default"
2025-03-27T21:44:49.594+08:00  INFO 11120 --- [main] o.s.b.w.embedded.tomcat.TomcatWebServer  : Tomcat initialized with port(s): 8080 (http)
2025-03-27T21:44:49.598+08:00  INFO 11120 --- [main] o.apache.catalina.core.StandardService   : Starting service [Tomcat]
2025-03-27T21:44:49.599+08:00  INFO 11120 --- [main] o.apache.catalina.core.StandardEngine    : Starting Servlet engine: [Apache Tomcat/10.1.1]
2025-03-27T21:44:49.631+08:00  INFO 11120 --- [main] o.a.c.c.C.[Tomcat].[localhost].[/]       : Initializing Spring embedded WebApplicationContext
2025-03-27T21:44:49.632+08:00  INFO 11120 --- [main] w.s.c.ServletWebServerApplicationContext : Root WebApplicationContext: initialization completed in 446 ms
2025-03-27T21:44:49.753+08:00  WARN 11120 --- [main] ocalVariableTableParameterNameDiscoverer : Using deprecated '-debug' fallback for parameter name resolution. Compile the affected code with '-parameters' instead or avoid its introspection: io.pebbletemplates.boot.autoconfigure.PebbleServletWebConfiguration
2025-03-27T21:44:49.757+08:00  WARN 11120 --- [main] ocalVariableTableParameterNameDiscoverer : Using deprecated '-debug' fallback for parameter name resolution. Compile the affected code with '-parameters' instead or avoid its introspection: io.pebbletemplates.boot.autoconfigure.PebbleAutoConfiguration
2025-03-27T21:44:49.828+08:00  INFO 11120 --- [main] o.s.b.w.embedded.tomcat.TomcatWebServer  : Tomcat started on port(s): 8080 (http) with context path ''
2025-03-27T21:44:49.833+08:00  INFO 11120 --- [main] com.power.learn.Application              : Started Application in 0.961 seconds (process running for 1.145)
2025-03-27T21:45:07.820+08:00  INFO 11120 --- [http-nio-8080-exec-1] o.a.c.c.C.[Tomcat].[localhost].[/]       : Initializing Spring DispatcherServlet 'dispatcherServlet'
2025-03-27T21:45:07.821+08:00  INFO 11120 --- [http-nio-8080-exec-1] o.s.web.servlet.DispatcherServlet        : Initializing Servlet 'dispatcherServlet'
2025-03-27T21:45:07.822+08:00  INFO 11120 --- [http-nio-8080-exec-1] o.s.web.servlet.DispatcherServlet        : Completed initialization in 1 ms
